mode: atomic
github.com/ffelipelimao/booking/internal/entities/booking/booking.go:36.119,48.43 2 3
github.com/ffelipelimao/booking/internal/entities/booking/booking.go:48.43,50.3 1 2
github.com/ffelipelimao/booking/internal/entities/booking/booking.go:52.2,52.21 1 1
github.com/ffelipelimao/booking/internal/entities/booking/booking.go:55.36,56.47 1 3
github.com/ffelipelimao/booking/internal/entities/booking/booking.go:56.47,58.3 1 1
github.com/ffelipelimao/booking/internal/entities/booking/booking.go:59.2,59.21 1 2
github.com/ffelipelimao/booking/internal/entities/booking/booking.go:59.21,61.3 1 1
github.com/ffelipelimao/booking/internal/entities/booking/booking.go:62.2,62.12 1 1
github.com/ffelipelimao/booking/internal/entities/booking/booking.go:65.35,67.16 2 0
github.com/ffelipelimao/booking/internal/entities/booking/booking.go:67.16,69.3 1 0
github.com/ffelipelimao/booking/internal/entities/booking/booking.go:71.2,72.12 2 0
github.com/ffelipelimao/booking/internal/entities/booking/booking.go:75.43,76.27 1 0
github.com/ffelipelimao/booking/internal/entities/booking/booking.go:76.27,78.3 1 0
github.com/ffelipelimao/booking/internal/entities/booking/booking.go:80.2,80.12 1 0
github.com/ffelipelimao/booking/internal/entities/place/place.go:19.69,27.41 2 0
github.com/ffelipelimao/booking/internal/entities/place/place.go:27.41,29.3 1 0
github.com/ffelipelimao/booking/internal/entities/place/place.go:31.2,31.19 1 0
github.com/ffelipelimao/booking/internal/entities/place/place.go:34.34,35.21 1 2
github.com/ffelipelimao/booking/internal/entities/place/place.go:35.21,37.3 1 1
github.com/ffelipelimao/booking/internal/entities/place/place.go:39.2,39.12 1 1
github.com/ffelipelimao/booking/internal/entities/booking/booking.go:36.119,48.43 2 0
github.com/ffelipelimao/booking/internal/entities/booking/booking.go:48.43,50.3 1 0
github.com/ffelipelimao/booking/internal/entities/booking/booking.go:52.2,52.21 1 0
github.com/ffelipelimao/booking/internal/entities/booking/booking.go:55.36,56.47 1 0
github.com/ffelipelimao/booking/internal/entities/booking/booking.go:56.47,58.3 1 0
github.com/ffelipelimao/booking/internal/entities/booking/booking.go:59.2,59.21 1 0
github.com/ffelipelimao/booking/internal/entities/booking/booking.go:59.21,61.3 1 0
github.com/ffelipelimao/booking/internal/entities/booking/booking.go:62.2,62.12 1 0
github.com/ffelipelimao/booking/internal/entities/booking/booking.go:65.35,67.16 2 0
github.com/ffelipelimao/booking/internal/entities/booking/booking.go:67.16,69.3 1 0
github.com/ffelipelimao/booking/internal/entities/booking/booking.go:71.2,72.12 2 0
github.com/ffelipelimao/booking/internal/entities/booking/booking.go:75.43,76.27 1 0
github.com/ffelipelimao/booking/internal/entities/booking/booking.go:76.27,78.3 1 0
github.com/ffelipelimao/booking/internal/entities/booking/booking.go:80.2,80.12 1 0
github.com/ffelipelimao/booking/internal/entities/place/place.go:19.69,27.41 2 0
github.com/ffelipelimao/booking/internal/entities/place/place.go:27.41,29.3 1 0
github.com/ffelipelimao/booking/internal/entities/place/place.go:31.2,31.19 1 0
github.com/ffelipelimao/booking/internal/entities/place/place.go:34.34,35.21 1 0
github.com/ffelipelimao/booking/internal/entities/place/place.go:35.21,37.3 1 0
github.com/ffelipelimao/booking/internal/entities/place/place.go:39.2,39.12 1 0
github.com/ffelipelimao/booking/internal/repositories/booking.go:17.58,21.2 1 0
github.com/ffelipelimao/booking/internal/repositories/booking.go:23.87,26.16 2 0
github.com/ffelipelimao/booking/internal/repositories/booking.go:26.16,28.3 1 0
github.com/ffelipelimao/booking/internal/repositories/booking.go:30.2,39.16 3 0
github.com/ffelipelimao/booking/internal/repositories/booking.go:39.16,41.3 1 0
github.com/ffelipelimao/booking/internal/repositories/booking.go:43.2,43.12 1 0
github.com/ffelipelimao/booking/internal/repositories/booking.go:46.68,62.16 4 0
github.com/ffelipelimao/booking/internal/repositories/booking.go:62.16,64.3 1 0
github.com/ffelipelimao/booking/internal/repositories/booking.go:66.2,66.12 1 0
github.com/ffelipelimao/booking/internal/repositories/booking.go:69.98,88.16 5 0
github.com/ffelipelimao/booking/internal/repositories/booking.go:88.16,89.27 1 0
github.com/ffelipelimao/booking/internal/repositories/booking.go:89.27,91.4 1 0
github.com/ffelipelimao/booking/internal/repositories/booking.go:92.3,92.18 1 0
github.com/ffelipelimao/booking/internal/repositories/booking.go:95.2,95.21 1 0
github.com/ffelipelimao/booking/internal/repositories/place.go:14.54,18.2 1 1
github.com/ffelipelimao/booking/internal/repositories/place.go:20.79,24.16 2 1
github.com/ffelipelimao/booking/internal/repositories/place.go:24.16,26.3 1 0
github.com/ffelipelimao/booking/internal/repositories/place.go:28.2,36.16 3 1
github.com/ffelipelimao/booking/internal/repositories/place.go:36.16,38.3 1 0
github.com/ffelipelimao/booking/internal/repositories/place.go:40.2,40.12 1 1
github.com/ffelipelimao/booking/internal/entities/booking/booking.go:36.119,48.43 2 3
github.com/ffelipelimao/booking/internal/entities/booking/booking.go:48.43,50.3 1 1
github.com/ffelipelimao/booking/internal/entities/booking/booking.go:52.2,52.21 1 2
github.com/ffelipelimao/booking/internal/entities/booking/booking.go:55.36,56.47 1 3
github.com/ffelipelimao/booking/internal/entities/booking/booking.go:56.47,58.3 1 1
github.com/ffelipelimao/booking/internal/entities/booking/booking.go:59.2,59.21 1 2
github.com/ffelipelimao/booking/internal/entities/booking/booking.go:59.21,61.3 1 0
github.com/ffelipelimao/booking/internal/entities/booking/booking.go:62.2,62.12 1 2
github.com/ffelipelimao/booking/internal/entities/booking/booking.go:65.35,67.16 2 0
github.com/ffelipelimao/booking/internal/entities/booking/booking.go:67.16,69.3 1 0
github.com/ffelipelimao/booking/internal/entities/booking/booking.go:71.2,72.12 2 0
github.com/ffelipelimao/booking/internal/entities/booking/booking.go:75.43,76.27 1 0
github.com/ffelipelimao/booking/internal/entities/booking/booking.go:76.27,78.3 1 0
github.com/ffelipelimao/booking/internal/entities/booking/booking.go:80.2,80.12 1 0
github.com/ffelipelimao/booking/internal/entities/place/place.go:19.69,27.41 2 0
github.com/ffelipelimao/booking/internal/entities/place/place.go:27.41,29.3 1 0
github.com/ffelipelimao/booking/internal/entities/place/place.go:31.2,31.19 1 0
github.com/ffelipelimao/booking/internal/entities/place/place.go:34.34,35.21 1 0
github.com/ffelipelimao/booking/internal/entities/place/place.go:35.21,37.3 1 0
github.com/ffelipelimao/booking/internal/entities/place/place.go:39.2,39.12 1 0
github.com/ffelipelimao/booking/internal/usecases/mocks.go:28.79,32.2 3 3
github.com/ffelipelimao/booking/internal/usecases/mocks.go:35.77,37.2 1 2
github.com/ffelipelimao/booking/internal/usecases/mocks.go:40.102,46.2 5 0
github.com/ffelipelimao/booking/internal/usecases/mocks.go:49.91,52.2 2 0
github.com/ffelipelimao/booking/internal/usecases/mocks.go:55.91,60.2 4 2
github.com/ffelipelimao/booking/internal/usecases/mocks.go:63.90,66.2 2 2
github.com/ffelipelimao/booking/internal/usecases/mocks.go:69.111,74.2 4 0
github.com/ffelipelimao/booking/internal/usecases/mocks.go:77.103,80.2 2 0
github.com/ffelipelimao/booking/internal/usecases/mocks.go:94.75,98.2 3 0
github.com/ffelipelimao/booking/internal/usecases/mocks.go:101.73,103.2 1 0
github.com/ffelipelimao/booking/internal/usecases/mocks.go:106.83,111.2 4 0
github.com/ffelipelimao/booking/internal/usecases/mocks.go:114.86,117.2 2 0
github.com/ffelipelimao/booking/internal/usecases/create_booking/create_booking.go:35.98,39.2 1 3
github.com/ffelipelimao/booking/internal/usecases/create_booking/create_booking.go:41.123,43.16 2 3
github.com/ffelipelimao/booking/internal/usecases/create_booking/create_booking.go:43.16,45.3 1 1
github.com/ffelipelimao/booking/internal/usecases/create_booking/create_booking.go:47.2,47.63 1 2
github.com/ffelipelimao/booking/internal/usecases/create_booking/create_booking.go:47.63,49.3 1 1
github.com/ffelipelimao/booking/internal/usecases/create_booking/create_booking.go:51.2,60.8 1 1
github.com/ffelipelimao/booking/internal/entities/booking/booking.go:36.119,48.43 2 0
github.com/ffelipelimao/booking/internal/entities/booking/booking.go:48.43,50.3 1 0
github.com/ffelipelimao/booking/internal/entities/booking/booking.go:52.2,52.21 1 0
github.com/ffelipelimao/booking/internal/entities/booking/booking.go:55.36,56.47 1 0
github.com/ffelipelimao/booking/internal/entities/booking/booking.go:56.47,58.3 1 0
github.com/ffelipelimao/booking/internal/entities/booking/booking.go:59.2,59.21 1 0
github.com/ffelipelimao/booking/internal/entities/booking/booking.go:59.21,61.3 1 0
github.com/ffelipelimao/booking/internal/entities/booking/booking.go:62.2,62.12 1 0
github.com/ffelipelimao/booking/internal/entities/booking/booking.go:65.35,67.16 2 0
github.com/ffelipelimao/booking/internal/entities/booking/booking.go:67.16,69.3 1 0
github.com/ffelipelimao/booking/internal/entities/booking/booking.go:71.2,72.12 2 0
github.com/ffelipelimao/booking/internal/entities/booking/booking.go:75.43,76.27 1 0
github.com/ffelipelimao/booking/internal/entities/booking/booking.go:76.27,78.3 1 0
github.com/ffelipelimao/booking/internal/entities/booking/booking.go:80.2,80.12 1 0
github.com/ffelipelimao/booking/internal/entities/place/place.go:19.69,27.41 2 0
github.com/ffelipelimao/booking/internal/entities/place/place.go:27.41,29.3 1 0
github.com/ffelipelimao/booking/internal/entities/place/place.go:31.2,31.19 1 0
github.com/ffelipelimao/booking/internal/entities/place/place.go:34.34,35.21 1 0
github.com/ffelipelimao/booking/internal/entities/place/place.go:35.21,37.3 1 0
github.com/ffelipelimao/booking/internal/entities/place/place.go:39.2,39.12 1 0
github.com/ffelipelimao/booking/internal/usecases/mocks.go:28.79,32.2 3 0
github.com/ffelipelimao/booking/internal/usecases/mocks.go:35.77,37.2 1 0
github.com/ffelipelimao/booking/internal/usecases/mocks.go:40.102,46.2 5 0
github.com/ffelipelimao/booking/internal/usecases/mocks.go:49.91,52.2 2 0
github.com/ffelipelimao/booking/internal/usecases/mocks.go:55.91,60.2 4 0
github.com/ffelipelimao/booking/internal/usecases/mocks.go:63.90,66.2 2 0
github.com/ffelipelimao/booking/internal/usecases/mocks.go:69.111,74.2 4 0
github.com/ffelipelimao/booking/internal/usecases/mocks.go:77.103,80.2 2 0
github.com/ffelipelimao/booking/internal/usecases/mocks.go:94.75,98.2 3 0
github.com/ffelipelimao/booking/internal/usecases/mocks.go:101.73,103.2 1 0
github.com/ffelipelimao/booking/internal/usecases/mocks.go:106.83,111.2 4 0
github.com/ffelipelimao/booking/internal/usecases/mocks.go:114.86,117.2 2 0
github.com/ffelipelimao/booking/internal/usecases/payment_booking/payment_booking.go:26.100,30.2 1 0
github.com/ffelipelimao/booking/internal/usecases/payment_booking/payment_booking.go:32.127,34.16 2 0
github.com/ffelipelimao/booking/internal/usecases/payment_booking/payment_booking.go:34.16,36.3 1 0
github.com/ffelipelimao/booking/internal/usecases/payment_booking/payment_booking.go:38.2,38.42 1 0
github.com/ffelipelimao/booking/internal/usecases/payment_booking/payment_booking.go:38.42,40.3 1 0
github.com/ffelipelimao/booking/internal/usecases/payment_booking/payment_booking.go:42.2,42.77 1 0
github.com/ffelipelimao/booking/internal/usecases/payment_booking/payment_booking.go:42.77,44.3 1 0
github.com/ffelipelimao/booking/internal/usecases/payment_booking/payment_booking.go:46.2,50.8 1 0
github.com/ffelipelimao/booking/internal/entities/booking/booking.go:36.119,48.43 2 0
github.com/ffelipelimao/booking/internal/entities/booking/booking.go:48.43,50.3 1 0
github.com/ffelipelimao/booking/internal/entities/booking/booking.go:52.2,52.21 1 0
github.com/ffelipelimao/booking/internal/entities/booking/booking.go:55.36,56.47 1 0
github.com/ffelipelimao/booking/internal/entities/booking/booking.go:56.47,58.3 1 0
github.com/ffelipelimao/booking/internal/entities/booking/booking.go:59.2,59.21 1 0
github.com/ffelipelimao/booking/internal/entities/booking/booking.go:59.21,61.3 1 0
github.com/ffelipelimao/booking/internal/entities/booking/booking.go:62.2,62.12 1 0
github.com/ffelipelimao/booking/internal/entities/booking/booking.go:65.35,67.16 2 0
github.com/ffelipelimao/booking/internal/entities/booking/booking.go:67.16,69.3 1 0
github.com/ffelipelimao/booking/internal/entities/booking/booking.go:71.2,72.12 2 0
github.com/ffelipelimao/booking/internal/entities/booking/booking.go:75.43,76.27 1 0
github.com/ffelipelimao/booking/internal/entities/booking/booking.go:76.27,78.3 1 0
github.com/ffelipelimao/booking/internal/entities/booking/booking.go:80.2,80.12 1 0
github.com/ffelipelimao/booking/internal/entities/place/place.go:19.69,27.41 2 3
github.com/ffelipelimao/booking/internal/entities/place/place.go:27.41,29.3 1 1
github.com/ffelipelimao/booking/internal/entities/place/place.go:31.2,31.19 1 2
github.com/ffelipelimao/booking/internal/entities/place/place.go:34.34,35.21 1 3
github.com/ffelipelimao/booking/internal/entities/place/place.go:35.21,37.3 1 1
github.com/ffelipelimao/booking/internal/entities/place/place.go:39.2,39.12 1 2
github.com/ffelipelimao/booking/internal/usecases/mocks.go:28.79,32.2 3 0
github.com/ffelipelimao/booking/internal/usecases/mocks.go:35.77,37.2 1 0
github.com/ffelipelimao/booking/internal/usecases/mocks.go:40.102,46.2 5 0
github.com/ffelipelimao/booking/internal/usecases/mocks.go:49.91,52.2 2 0
github.com/ffelipelimao/booking/internal/usecases/mocks.go:55.91,60.2 4 0
github.com/ffelipelimao/booking/internal/usecases/mocks.go:63.90,66.2 2 0
github.com/ffelipelimao/booking/internal/usecases/mocks.go:69.111,74.2 4 0
github.com/ffelipelimao/booking/internal/usecases/mocks.go:77.103,80.2 2 0
github.com/ffelipelimao/booking/internal/usecases/mocks.go:94.75,98.2 3 3
github.com/ffelipelimao/booking/internal/usecases/mocks.go:101.73,103.2 1 2
github.com/ffelipelimao/booking/internal/usecases/mocks.go:106.83,111.2 4 2
github.com/ffelipelimao/booking/internal/usecases/mocks.go:114.86,117.2 2 2
github.com/ffelipelimao/booking/internal/usecases/create_place/create_place.go:27.89,31.2 1 3
github.com/ffelipelimao/booking/internal/usecases/create_place/create_place.go:33.116,35.16 2 3
github.com/ffelipelimao/booking/internal/usecases/create_place/create_place.go:35.16,37.3 1 1
github.com/ffelipelimao/booking/internal/usecases/create_place/create_place.go:39.2,39.59 1 2
github.com/ffelipelimao/booking/internal/usecases/create_place/create_place.go:39.59,41.3 1 1
github.com/ffelipelimao/booking/internal/usecases/create_place/create_place.go:43.2,48.8 1 1
github.com/ffelipelimao/booking/internal/entities/booking/booking.go:36.119,48.43 2 0
github.com/ffelipelimao/booking/internal/entities/booking/booking.go:48.43,50.3 1 0
github.com/ffelipelimao/booking/internal/entities/booking/booking.go:52.2,52.21 1 0
github.com/ffelipelimao/booking/internal/entities/booking/booking.go:55.36,56.47 1 0
github.com/ffelipelimao/booking/internal/entities/booking/booking.go:56.47,58.3 1 0
github.com/ffelipelimao/booking/internal/entities/booking/booking.go:59.2,59.21 1 0
github.com/ffelipelimao/booking/internal/entities/booking/booking.go:59.21,61.3 1 0
github.com/ffelipelimao/booking/internal/entities/booking/booking.go:62.2,62.12 1 0
github.com/ffelipelimao/booking/internal/entities/booking/booking.go:65.35,67.16 2 0
github.com/ffelipelimao/booking/internal/entities/booking/booking.go:67.16,69.3 1 0
github.com/ffelipelimao/booking/internal/entities/booking/booking.go:71.2,72.12 2 0
github.com/ffelipelimao/booking/internal/entities/booking/booking.go:75.43,76.27 1 0
github.com/ffelipelimao/booking/internal/entities/booking/booking.go:76.27,78.3 1 0
github.com/ffelipelimao/booking/internal/entities/booking/booking.go:80.2,80.12 1 0
github.com/ffelipelimao/booking/internal/entities/place/place.go:19.69,27.41 2 0
github.com/ffelipelimao/booking/internal/entities/place/place.go:27.41,29.3 1 0
github.com/ffelipelimao/booking/internal/entities/place/place.go:31.2,31.19 1 0
github.com/ffelipelimao/booking/internal/entities/place/place.go:34.34,35.21 1 0
github.com/ffelipelimao/booking/internal/entities/place/place.go:35.21,37.3 1 0
github.com/ffelipelimao/booking/internal/entities/place/place.go:39.2,39.12 1 0
github.com/ffelipelimao/booking/internal/usecases/mocks.go:28.79,32.2 3 0
github.com/ffelipelimao/booking/internal/usecases/mocks.go:35.77,37.2 1 0
github.com/ffelipelimao/booking/internal/usecases/mocks.go:40.102,46.2 5 0
github.com/ffelipelimao/booking/internal/usecases/mocks.go:49.91,52.2 2 0
github.com/ffelipelimao/booking/internal/usecases/mocks.go:55.91,60.2 4 0
github.com/ffelipelimao/booking/internal/usecases/mocks.go:63.90,66.2 2 0
github.com/ffelipelimao/booking/internal/usecases/mocks.go:69.111,74.2 4 0
github.com/ffelipelimao/booking/internal/usecases/mocks.go:77.103,80.2 2 0
github.com/ffelipelimao/booking/internal/usecases/mocks.go:94.75,98.2 3 0
github.com/ffelipelimao/booking/internal/usecases/mocks.go:101.73,103.2 1 0
github.com/ffelipelimao/booking/internal/usecases/mocks.go:106.83,111.2 4 0
github.com/ffelipelimao/booking/internal/usecases/mocks.go:114.86,117.2 2 0
github.com/ffelipelimao/booking/internal/usecases/create_place/create_place.go:27.89,31.2 1 0
github.com/ffelipelimao/booking/internal/usecases/create_place/create_place.go:33.116,35.16 2 0
github.com/ffelipelimao/booking/internal/usecases/create_place/create_place.go:35.16,37.3 1 0
github.com/ffelipelimao/booking/internal/usecases/create_place/create_place.go:39.2,39.59 1 0
github.com/ffelipelimao/booking/internal/usecases/create_place/create_place.go:39.59,41.3 1 0
github.com/ffelipelimao/booking/internal/usecases/create_place/create_place.go:43.2,48.8 1 0
github.com/ffelipelimao/booking/internal/web/mocks.go:27.81,31.2 3 4
github.com/ffelipelimao/booking/internal/web/mocks.go:34.79,36.2 1 3
github.com/ffelipelimao/booking/internal/web/mocks.go:39.152,45.2 5 3
github.com/ffelipelimao/booking/internal/web/mocks.go:48.96,51.2 2 3
github.com/ffelipelimao/booking/internal/web/handlers/create_place/create_place_handler.go:20.91,24.2 1 4
github.com/ffelipelimao/booking/internal/web/handlers/create_place/create_place_handler.go:26.58,31.50 3 4
github.com/ffelipelimao/booking/internal/web/handlers/create_place/create_place_handler.go:31.50,36.3 1 1
github.com/ffelipelimao/booking/internal/web/handlers/create_place/create_place_handler.go:38.2,39.16 2 3
github.com/ffelipelimao/booking/internal/web/handlers/create_place/create_place_handler.go:39.16,40.53 1 2
github.com/ffelipelimao/booking/internal/web/handlers/create_place/create_place_handler.go:40.53,45.4 1 1
github.com/ffelipelimao/booking/internal/web/handlers/create_place/create_place_handler.go:46.3,49.5 1 1
github.com/ffelipelimao/booking/internal/web/handlers/create_place/create_place_handler.go:52.2,52.45 1 1
